{"name": "test_additem", "status": "broken", "statusDetails": {"message": "selenium.common.exceptions.TimeoutException: Message: \nStacktrace:\nWebDriverError@chrome://remote/content/shared/webdriver/Errors.jsm:183:5\nNoSuchElementError@chrome://remote/content/shared/webdriver/Errors.jsm:395:5\nelement.find/</<@chrome://remote/content/marionette/element.js:300:16", "trace": "self = <Test_case.test_PurchaseItem.Test_001 object at 0x0000000003FF1288>\nsetup = <selenium.webdriver.firefox.webdriver.WebDriver (session=\"37417363-e21a-4f70-8f52-55af03808b2d\")>\n\n    def test_additem(self,setup):\n        self.log.info(\" test_additem is started\")\n        self.driver=setup\n        self.log.info(\" Browser is opening \")\n        self.driver.get(\"https://demoblaze.com/index.html\")\n        self.log.info(\" Going to https://demoblaze.com/index.html url\")\n        self.driver.maximize_window()\n        self.obj=AddItems(self.driver)\n        self.driver.implicitly_wait(360)\n        self.obj.clickphone()\n        self.log.info(\" Clicking on phone tab\")\n        self.obj.clickSamsung()\n        self.log.info(\"Clicking on phone samsung \")\n        self.obj.clickAddTocart()\n        self.log.info(\"Clicking addTocart button \")\n        self.obj.explicitwaitAlert()\n        self.obj.clickhome()\n        self.log.info(\"Clicking home  button \")\n        self.obj.clickmonitor()\n        self.log.info(\"Clicking on monitor \")\n        self.obj.clickAsus()\n        self.log.info(\"Clicking  on Asusu\")\n>       self.obj.clickAddTocart()\n\nTest_case\\test_PurchaseItem.py:37: \n_ _ _ _ _ _ _ _ _ _ _ _ _ _ _ _ _ _ _ _ _ _ _ _ _ _ _ _ _ _ _ _ _ _ _ _ _ _ _ _ _ _ _ _ _ _ _ _ _ _ _ _ _ _ _ _ _ _ _ _ _ _ _ _ _ _ _ _ _ _ _ _ _ _ _ _ _ _ _ _ _ _ \nPageObjects\\AdditmesPage.py:54: in clickAddTocart\n    self.wait.until(expected_conditions.presence_of_element_located(self.AddTocart))\n_ _ _ _ _ _ _ _ _ _ _ _ _ _ _ _ _ _ _ _ _ _ _ _ _ _ _ _ _ _ _ _ _ _ _ _ _ _ _ _ _ _ _ _ _ _ _ _ _ _ _ _ _ _ _ _ _ _ _ _ _ _ _ _ _ _ _ _ _ _ _ _ _ _ _ _ _ _ _ _ _ _ \n\nself = <selenium.webdriver.support.wait.WebDriverWait (session=\"37417363-e21a-4f70-8f52-55af03808b2d\")>\nmethod = <function presence_of_element_located.<locals>._predicate at 0x0000000003EFC708>, message = ''\n\n    def until(self, method, message=''):\n        \"\"\"Calls the method provided with the driver as an argument until the \\\n        return value does not evaluate to ``False``.\n    \n        :param method: callable(WebDriver)\n        :param message: optional message for :exc:`TimeoutException`\n        :returns: the result of the last call to `method`\n        :raises: :exc:`selenium.common.exceptions.TimeoutException` if timeout occurs\n        \"\"\"\n        screen = None\n        stacktrace = None\n    \n        end_time = time.time() + self._timeout\n        while True:\n            try:\n                value = method(self._driver)\n                if value:\n                    return value\n            except InvalidSelectorException as e:\n                raise e\n            except self._ignored_exceptions as exc:\n                screen = getattr(exc, 'screen', None)\n                stacktrace = getattr(exc, 'stacktrace', None)\n            time.sleep(self._poll)\n            if time.time() > end_time:\n                break\n>       raise TimeoutException(message, screen, stacktrace)\nE       selenium.common.exceptions.TimeoutException: Message: \nE       Stacktrace:\nE       WebDriverError@chrome://remote/content/shared/webdriver/Errors.jsm:183:5\nE       NoSuchElementError@chrome://remote/content/shared/webdriver/Errors.jsm:395:5\nE       element.find/</<@chrome://remote/content/marionette/element.js:300:16\n\n..\\..\\appdata\\local\\programs\\python\\python37\\lib\\site-packages\\selenium\\webdriver\\support\\wait.py:89: TimeoutException"}, "attachments": [{"name": "log", "source": "65bce68b-e448-49f6-b768-80a3022af693-attachment.txt", "type": "text/plain"}], "start": 1706454323044, "stop": 1706454810187, "uuid": "49a56a5a-3af7-4cf8-9cfb-483aaf123f46", "historyId": "53f73e2b70175359a940504883ceb065", "testCaseId": "53f73e2b70175359a940504883ceb065", "fullName": "Test_case.test_PurchaseItem.Test_001#test_additem", "labels": [{"name": "parentSuite", "value": "Test_case"}, {"name": "suite", "value": "test_PurchaseItem"}, {"name": "subSuite", "value": "Test_001"}, {"name": "host", "value": "USER-PC"}, {"name": "thread", "value": "6624-MainThread"}, {"name": "framework", "value": "pytest"}, {"name": "language", "value": "cpython3"}, {"name": "package", "value": "Test_case.test_PurchaseItem"}]}